<?xml version="1.0" encoding="UTF-8"?>
<!-- Generated by org.testng.reporters.JUnitReportReporter -->
<testsuite hostname="CHANCHAL-CHIKTE" failures="0" tests="3" name="COM.TEST.Test_001" time="46.554" errors="0" timestamp="2022-06-23T17:21:06 IST" skipped="0">
  <testcase classname="COM.TEST.Test_001" name="Test001" time="24.271"/>
  <system-out/>
  <testcase classname="COM.TEST.Test_001" name="Test002" time="13.639"/>
  <system-out/>
  <testcase classname="COM.TEST.Test_001" name="Test003" time="8.644"/>
  <system-out/>
</testsuite> <!-- COM.TEST.Test_001 -->
